<?xml version="1.0" encoding="UTF-8"?>
<testsuite xmlns:xsi="http://www.w3.org/2001/XMLSchema-instance" xsi:noNamespaceSchemaLocation="https://maven.apache.org/surefire/maven-surefire-plugin/xsd/surefire-test-report.xsd" version="3.0.2" name="com.docker.docker_spring.DockerSpringApplicationTests" time="1.765" tests="1" errors="0" skipped="0" failures="0">
  <properties>
[...]
</properties>
  <testcase name="contextLoads" classname="com.docker.docker_spring.DockerSpringApplicationTests" time="0.652">
    <system-out><![CDATA[01:31:22.243 [main] INFO org.springframework.test.context.support.AnnotationConfigContextLoaderUtils -- Could not detect default configuration classes for test class [com.docker.docker_spring.DockerSpringApplicationTests]: DockerSpringApplicationTests does not declare any static, non-private, non-final, nested classes annotated with @Configuration.
01:31:22.376 [main] INFO org.springframework.boot.test.context.SpringBootTestContextBootstrapper -- Found @SpringBootConfiguration com.docker.docker_spring.DockerSpringApplication for test class com.docker.docker_spring.DockerSpringApplicationTests

  .   ____          _            __ _ _
 /\\ / ___'_ __ _ _(_)_ __  __ _ \ \ \ \
( ( )\___ | '_ | '_| | '_ \/ _` | \ \ \ \
 \\/  ___)| |_)| | | | | || (_| |  ) ) ) )
  '  |____| .__|_| |_|_| |_\__, | / / / /
 =========|_|==============|___/=/_/_/_/

 :: Spring Boot ::               (v3.5.10)

2026-02-19T01:31:22.758+05:30  INFO 4336 --- [docker-spring] [           main] c.d.d.DockerSpringApplicationTests       : Starting DockerSpringApplicationTests using Java 17.0.12 with PID 4336 (started by rajan in E:\Project\docker-spring)
2026-02-19T01:31:22.759+05:30  INFO 4336 --- [docker-spring] [           main] c.d.d.DockerSpringApplicationTests       : No active profile set, falling back to 1 default profile: "default"
2026-02-19T01:31:23.233+05:30  INFO 4336 --- [docker-spring] [           main] c.d.d.DockerSpringApplicationTests       : Started DockerSpringApplicationTests in 0.719 seconds (process running for 1.612)
Hello EveryOne...
I am Raja Nayak
And Here is My Dockerization
]]></system-out>
  </testcase>
</testsuite>